- 0:0:0:0:0:0:0:1 - - [27/Apr/2019:00:41:29 +0800] "GET /swagger-ui.html HTTP/1.1" 404 306 0.059
- 0:0:0:0:0:0:0:1 - - [27/Apr/2019:00:41:29 +0800] "GET /favicon.ico HTTP/1.1" 404 126 0.044
- 0:0:0:0:0:0:0:1 - - [27/Apr/2019:00:42:59 +0800] "GET /swagger-ui.html HTTP/1.1" 200 3246 0.056
- 0:0:0:0:0:0:0:1 - - [27/Apr/2019:00:42:59 +0800] "GET /webjars/springfox-swagger-ui/css/reset.css HTTP/1.1" 200 1066 0.011
- 0:0:0:0:0:0:0:1 - - [27/Apr/2019:00:42:59 +0800] "GET /webjars/springfox-swagger-ui/lib/jquery.slideto.min.js HTTP/1.1" 200 369 0.008
- 0:0:0:0:0:0:0:1 - - [27/Apr/2019:00:42:59 +0800] "GET /webjars/springfox-swagger-ui/lib/object-assign-pollyfill.js HTTP/1.1" 200 692 0.010
- 0:0:0:0:0:0:0:1 - - [27/Apr/2019:00:42:59 +0800] "GET /webjars/springfox-swagger-ui/css/typography.css HTTP/1.1" 200 450 0.017
- 0:0:0:0:0:0:0:1 - - [27/Apr/2019:00:42:59 +0800] "GET /webjars/springfox-swagger-ui/css/screen.css HTTP/1.1" 200 49189 0.012
- 0:0:0:0:0:0:0:1 - - [27/Apr/2019:00:42:59 +0800] "GET /webjars/springfox-swagger-ui/lib/jquery-1.8.0.min.js HTTP/1.1" 200 92555 0.013
- 0:0:0:0:0:0:0:1 - - [27/Apr/2019:00:42:59 +0800] "GET /webjars/springfox-swagger-ui/lib/jquery.ba-bbq.min.js HTTP/1.1" 200 4119 0.011
- 0:0:0:0:0:0:0:1 - - [27/Apr/2019:00:42:59 +0800] "GET /webjars/springfox-swagger-ui/lib/backbone-min.js HTTP/1.1" 200 20390 0.010
- 0:0:0:0:0:0:0:1 - - [27/Apr/2019:00:42:59 +0800] "GET /webjars/springfox-swagger-ui/lib/lodash.min.js HTTP/1.1" 200 52646 0.013
- 0:0:0:0:0:0:0:1 - - [27/Apr/2019:00:42:59 +0800] "GET /webjars/springfox-swagger-ui/lib/handlebars-4.0.5.js HTTP/1.1" 200 159587 0.115
- 0:0:0:0:0:0:0:1 - - [27/Apr/2019:00:42:59 +0800] "GET /webjars/springfox-swagger-ui/lib/highlight.9.1.0.pack_extended.js HTTP/1.1" 200 1025 0.096
- 0:0:0:0:0:0:0:1 - - [27/Apr/2019:00:42:59 +0800] "GET /webjars/springfox-swagger-ui/lib/jquery.wiggle.min.js HTTP/1.1" 200 762 0.116
- 0:0:0:0:0:0:0:1 - - [27/Apr/2019:00:42:59 +0800] "GET /webjars/springfox-swagger-ui/lib/marked.js HTTP/1.1" 200 28156 0.094
- 0:0:0:0:0:0:0:1 - - [27/Apr/2019:00:42:59 +0800] "GET /webjars/springfox-swagger-ui/swagger-ui.min.js HTTP/1.1" 200 447004 0.107
- 0:0:0:0:0:0:0:1 - - [27/Apr/2019:00:42:59 +0800] "GET /webjars/springfox-swagger-ui/lib/jsoneditor.min.js HTTP/1.1" 200 130042 0.096
- 0:0:0:0:0:0:0:1 - - [27/Apr/2019:00:42:59 +0800] "GET /webjars/springfox-swagger-ui/springfox.js HTTP/1.1" 200 3634 0.005
- 0:0:0:0:0:0:0:1 - - [27/Apr/2019:00:42:59 +0800] "GET /webjars/springfox-swagger-ui/css/print.css HTTP/1.1" 200 46684 0.004
- 0:0:0:0:0:0:0:1 - - [27/Apr/2019:00:42:59 +0800] "GET /webjars/springfox-swagger-ui/lib/highlight.9.1.0.pack.js HTTP/1.1" 200 11037 0.006
- 0:0:0:0:0:0:0:1 - - [27/Apr/2019:00:42:59 +0800] "GET /webjars/springfox-swagger-ui/lib/swagger-oauth.js HTTP/1.1" 200 11615 0.006
- 0:0:0:0:0:0:0:1 - - [27/Apr/2019:00:42:59 +0800] "GET /webjars/springfox-swagger-ui/images/logo_small.png HTTP/1.1" 200 455 0.006
- 0:0:0:0:0:0:0:1 - - [27/Apr/2019:00:42:59 +0800] "GET /webjars/springfox-swagger-ui/fonts/DroidSans-Bold.ttf HTTP/1.1" 200 42480 0.010
- 0:0:0:0:0:0:0:1 - - [27/Apr/2019:00:42:59 +0800] "GET /webjars/springfox-swagger-ui/fonts/DroidSans.ttf HTTP/1.1" 200 41028 0.011
- 0:0:0:0:0:0:0:1 - - [27/Apr/2019:00:42:59 +0800] "GET /webjars/springfox-swagger-ui/images/favicon-32x32.png HTTP/1.1" 200 1141 0.008
- 0:0:0:0:0:0:0:1 - - [27/Apr/2019:00:42:59 +0800] "GET /webjars/springfox-swagger-ui/images/favicon-16x16.png HTTP/1.1" 200 445 0.005
- 0:0:0:0:0:0:0:1 - - [27/Apr/2019:00:42:59 +0800] "GET /swagger-resources/configuration/ui HTTP/1.1" 200 238 0.067
- 0:0:0:0:0:0:0:1 - - [27/Apr/2019:00:42:59 +0800] "GET /swagger-resources HTTP/1.1" 200 80 0.008
- 0:0:0:0:0:0:0:1 - - [27/Apr/2019:00:42:59 +0800] "GET /v2/api-docs HTTP/1.1" 200 2188 0.069
- 0:0:0:0:0:0:0:1 - - [27/Apr/2019:00:42:59 +0800] "GET /swagger-resources/configuration/security HTTP/1.1" 200 81 0.006
- 0:0:0:0:0:0:0:1 - - [27/Apr/2019:00:43:03 +0800] "GET /webjars/springfox-swagger-ui/images/throbber.gif HTTP/1.1" 200 9257 0.003
- 0:0:0:0:0:0:0:1 - - [27/Apr/2019:00:43:12 +0800] "GET /view/getActiveCount?tableCount=32 HTTP/1.1" 200 645 3.848
- 0:0:0:0:0:0:0:1 - - [27/Apr/2019:00:55:27 +0800] "GET /swagger-resources/configuration/ui HTTP/1.1" 200 238 0.068
- 0:0:0:0:0:0:0:1 - - [27/Apr/2019:00:55:27 +0800] "GET /swagger-resources HTTP/1.1" 200 80 0.008
- 0:0:0:0:0:0:0:1 - - [27/Apr/2019:00:55:27 +0800] "GET /v2/api-docs HTTP/1.1" 200 2188 0.069
- 0:0:0:0:0:0:0:1 - - [27/Apr/2019:00:55:27 +0800] "GET /swagger-resources/configuration/security HTTP/1.1" 200 81 0.004
- 0:0:0:0:0:0:0:1 - - [27/Apr/2019:00:55:38 +0800] "GET /view/getActiveCount?tableCount=32 HTTP/1.1" 200 645 3.640
